<?xml version="1.0" encoding="UTF-8"?>
<testsuites>
  <testsuite id="0" name="/home/logic/_workspace/appium-playlist/appium-selenium-webdriver-tryout/__tests__/helloworld.ts" errors="0" package="/home/logic/_workspace/appium-playlist/appium-selenium-webdriver-tryout/__tests__/helloworld.ts" hostname="localhost" tests="1" failures="0" time="26.62" timestamp="2020-11-15T07:06:01">
    <properties>
    </properties>
    <testcase classname="helloworld selenium-appium" name="helloworld selenium-appium" time="0">
    </testcase>
    <system-out/>
    <system-err/>
  </testsuite>
</testsuites>